############################################################
#
# Lieferbay Protocol
#
# Copyright (C) 2020 Sergey Kolevatov
#
# This program is free software: you can redistribute it and/or modify
# it under the terms of the GNU General Public License as published by
# the Free Software Foundation, either version 3 of the License, or
# (at your option) any later version.
#
# This program is distributed in the hope that it will be useful,
# but WITHOUT ANY WARRANTY; without even the implied warranty of
# MERCHANTABILITY or FITNESS FOR A PARTICULAR PURPOSE. See the
# GNU General Public License for more details.
#
# You should have received a copy of the GNU General Public License
# along with this program. If not, see <http://www.gnu.org/licenses/>.
#

# $Revision: 13018 $ $Date:: 2020-05-12 #$ $Author: serge $

############################################################

protocol lieferbay

base generic_protocol

use basic_objects

base_msg Request: generic_protocol::Request

base_msg_end

#**************************************************
#* OBJECTS
#**************************************************

obj Id
    uint32     v : (0,)
obj_end

obj Price
    double     v : [0,)
obj_end

obj Weight
    double     v : [0,)
obj_end

obj ProductItem

    string      name
    string      unit
    o Price     price
    o Weight    weight

obj_end

obj ShoppingItem

    o Id       product_item_id
    uint32     amount : [1,)
    bool       is_mandatory
    bool       should_accept_expensive_alternative

obj_end

obj ShoppingList

    array<o ShoppingItem>   items

obj_end

obj GeoPosition

    uint32      plz
    double      latitude
    double      longitude

obj_end

obj Ride

    o GeoPosition   position
    o basic_objects::LocalTimeRange delivery_time
    o Weight        max_weight
    o Price         delivery_price
    bool            can_accept_cancellation
    o Price         cancellation_price

obj_end

enum ride_resolution_e

    UNDEF                       = 0
    EXPIRED_OR_COMPLETED        = 1
    CANCELLED                   = 2

enum_end

obj RideWithState

    bool                is_open
    o Ride              summary
    array<o Id>         pending_order_ids
    array<o Id>         declined_order_ids
    o Id                accepted_order_id
    e ride_resolution_e resolution

obj_end

enum order_resolution_e

    UNDEF                       = 0
    DELIVERED                   = 1
    DELIVERED_WITH_ISSUES       = 2
    DECLINED_BY_BUYER           = 3
    RIDE_CANCELLED              = 4
    SHOPPING_FAILED             = 5
    CANCELLED_BY_USER           = 6

enum_end

enum failure_reason_e

    UNDEF                       = 0
    MISSING_ITEM                = 1
    SHOP_CLOSED                 = 2
    TIME_SHORTAGE               = 3
    OTHER                       = 4

enum_end

enum order_state_e

    UNDEF                           = 0
    IDLE_WAITING_ACCEPTANCE         = 1
    ACCEPTED_WAITING_SHOPPING_START = 2
    SHOPPING_WAITING_SHOPPING_END   = 3
    SHOPPING_ENDED_WAITING_DELIVERY = 4
    DELIVERED_WAITING_CONFIRMATION  = 5
    DELIVERY_CONFIRMED_WAITING_CHECK  = 6
    CHECKED_WAITING_FEEDBACK        = 7
    DONE                            = 8
    CANCELLED_IN_SHOPPING           = 9
    CANCELLED_IN_SHOPPING_ENDED     = 10

enum_end

enum gender_e

    UNDEF   = 0
    MALE    = 1
    FEMALE  = 2

enum_end

obj Address

    uint32    plz
    string country
    string city
    string street
    string house_number
    string extra_address_line

obj_end

obj Order

    o Id                ride_id
    o Address           delivery_address
    o Id                shopping_list_id
    o basic_objects::LocalTimeRange wish_delivery_time
    bool                is_time_fixed
    o Price             wish_delivery_price

obj_end

obj OrderWithState

    bool                is_open
    o Order             order
    e order_state_e     state
    e order_resolution_e  resolution
    e failure_reason_e  reason

obj_end

#**************************************************
#* REQUESTS
#**************************************************

msg AddShoppingListRequest: Request

    o ShoppingList    shopping_list

msg_end

msg AddShoppingListResponse: generic_protocol::BackwardMessage

    o Id              shopping_list_id

msg_end

msg DeleteShoppingListRequest: Request

    o Id              shopping_list_id

msg_end

msg DeleteShoppingListResponse: generic_protocol::BackwardMessage

msg_end

msg GetShoppingListRequest: Request

    o Id              shopping_list_id

msg_end

msg GetShoppingListResponse: generic_protocol::BackwardMessage

    o ShoppingList    shopping_list

msg_end

msg AddRideRequest: Request

    o Ride            ride

msg_end

msg AddRideResponse: generic_protocol::BackwardMessage

    o Id              ride_id

msg_end

msg CancelRideRequest: Request

    o Id              ride_id

msg_end

msg CancelRideResponse: generic_protocol::BackwardMessage

msg_end

msg GetRideWithStateRequest: Request

    o Id              ride_id

msg_end

msg GetRideWithStateResponse: generic_protocol::BackwardMessage

    o RideWithState   ride

msg_end

msg AddOrderRequest: Request

    o Order           order

msg_end

msg AddOrderResponse: generic_protocol::BackwardMessage

    o Id              order_id

msg_end

msg CancelOrderRequest: Request

    o Id              order_id

msg_end

msg CancelOrderResponse: generic_protocol::BackwardMessage

msg_end

msg AcceptOrderRequest: Request

    o Id              order_id

msg_end

msg AcceptOrderResponse: generic_protocol::BackwardMessage

msg_end

msg DeclineOrderRequest: Request

    o Id              order_id

msg_end

msg DeclineOrderResponse: generic_protocol::BackwardMessage

msg_end

msg NotifyShoppingStartedRequest: Request

    o Id              order_id

msg_end

msg NotifyShoppingStartedResponse: generic_protocol::BackwardMessage

msg_end

msg NotifyShoppingEndedRequest: Request

    o Id              order_id
    o Price           price_in_receipt

msg_end

msg NotifyShoppingEndedResponse: generic_protocol::BackwardMessage

msg_end

msg NotifyShoppingFailedRequest: Request

    o Id                  order_id
    e failure_reason_e    reason
    array<o Id>           missing_items
    string                comment

msg_end

msg NotifyShoppingFailedResponse: generic_protocol::BackwardMessage

msg_end

msg NotifyDeliveredRequest: Request

    o Id                  order_id

msg_end

msg NotifyDeliveredResponse: generic_protocol::BackwardMessage

msg_end

msg ConfirmDeliveryRequest: Request

    o Id          order_id
    uint32        secret_code : [1,)

msg_end

msg ConfirmDeliveryResponse: generic_protocol::BackwardMessage

msg_end

msg NotifyCheckedRequest: Request

    o Id                order_id
    bool                has_missing_items
    array<o Id>         missing_items
    bool                has_broken_items
    array<o Id>         broken_items
    bool                has_overpriced_items
    array<o Id>         overpriced_items
    bool                has_extra_items
    string              extra_items

msg_end

msg NotifyCheckedResponse: generic_protocol::BackwardMessage

msg_end

msg RateBuyerRequest: Request

    o Id              order_id
    uint32            stars : [0, 5]

msg_end

msg RateBuyerResponse: generic_protocol::BackwardMessage

msg_end

msg RateUserRequest: Request

    o Id              order_id
    uint32            stars : [0, 5]

msg_end

msg RateUserResponse: generic_protocol::BackwardMessage

msg_end
